<?xml version="1.0" encoding="UTF-8"?>
<!-- Generated by org.testng.reporters.JUnitReportReporter -->
<testsuite hostname="DESKTOP-9INP9V7" failures="0" tests="5" name="com.training.Runner.SalesForceLoginRunner" time="36.044" errors="0" timestamp="2024-06-26T15:05:00 GMT-07:00" skipped="0">
  <testcase classname="com.training.Runner.SalesForceLoginRunner" name="runScenario" time="7.254"/>
  <system-out/>
  <testcase classname="com.training.Runner.SalesForceLoginRunner" name="runScenario" time="11.643"/>
  <system-out/>
  <testcase classname="com.training.Runner.SalesForceLoginRunner" name="runScenario" time="5.450"/>
  <system-out/>
  <testcase classname="com.training.Runner.SalesForceLoginRunner" name="runScenario" time="5.083"/>
  <system-out/>
  <testcase classname="com.training.Runner.SalesForceLoginRunner" name="runScenario" time="6.614"/>
  <system-out/>
</testsuite> <!-- com.training.Runner.SalesForceLoginRunner -->
